2025-09-09 15:41:25 | INFO | Scripts dir  : D:\Apps\Programming\OneStock\Database Service Helper\files\scripts
2025-09-09 15:41:25 | INFO | Scripts list : ['app.py', 'distributer.py']
2025-09-09 15:41:25 | INFO | Cycle starting.
2025-09-09 15:41:25 | INFO | Using Python : C:\Users\NicholasTjepkema\AppData\Local\Programs\Python\Python312\python.exe
2025-09-09 15:41:25 | INFO | Next interval: 300s (UTC now 2025-09-09 14:41:25)
2025-09-09 15:41:25 | INFO | --- [0] Running app.py ---
2025-09-09 15:41:25 | INFO | Starting script: app.py (cwd=D:\Apps\Programming\OneStock\Database Service Helper\files\scripts)
2025-09-09 15:41:28 | INFO | [app.py] - Using config file     : D:\Apps\Programming\OneStock\Database Service Helper\data.conf
2025-09-09 15:41:28 | INFO | [app.py] - [salesforce].username : support@onemedia.co.uk
2025-09-09 15:41:28 | INFO | [app.py] - [salesforce].domain   : login
2025-09-09 15:41:28 | INFO | [app.py] - [salesforce].password : ******************* (len=19)
2025-09-09 15:41:28 | INFO | [app.py] - [salesforce].token    : ************************ (len=24)
2025-09-09 15:41:28 | INFO | [app.py] - [salesforce].json path : pricebooks_export.json
2025-09-09 15:41:28 | INFO | [app.py] - [salesforce].csv path  : pricebooks_export.csv
2025-09-09 15:41:28 | INFO | [app.py] - Include Product2 fields: True
2025-09-09 15:41:28 | INFO | [app.py] 
2025-09-09 15:41:28 | INFO | [app.py] ==========================================================================================================================================================================
2025-09-09 15:41:28 | INFO | [app.py] LOGIN TO SALESFORCE
2025-09-09 15:41:28 | INFO | [app.py] ==========================================================================================================================================================================
2025-09-09 15:41:28 | INFO | [app.py] - Logging in as support@onemedia.co.uk (domain=login)
2025-09-09 15:41:28 | INFO | [app.py] - Logged in (user+pass+token)
2025-09-09 15:41:28 | INFO | [app.py] 
2025-09-09 15:41:28 | INFO | [app.py] ==========================================================================================================================================================================
2025-09-09 15:41:28 | INFO | [app.py] DISCOVER METADATA
2025-09-09 15:41:28 | INFO | [app.py] ==========================================================================================================================================================================
2025-09-09 15:41:28 | INFO | [app.py] - Discovering custom fields on PricebookEntry…
2025-09-09 15:41:28 | INFO | [app.py] - PBE custom fields: 8
2025-09-09 15:41:28 | INFO | [app.py] - Discovering custom fields on Product2…
2025-09-09 15:41:28 | INFO | [app.py] - Product2 custom fields: 30
2025-09-09 15:41:28 | INFO | [app.py] 
2025-09-09 15:41:28 | INFO | [app.py] ==========================================================================================================================================================================
2025-09-09 15:41:28 | INFO | [app.py] DETECT MULTI-CURRENCY
2025-09-09 15:41:28 | INFO | [app.py] ==========================================================================================================================================================================
2025-09-09 15:41:28 | INFO | [app.py] - Multi-currency available: False
2025-09-09 15:41:28 | INFO | [app.py] 
2025-09-09 15:41:28 | INFO | [app.py] ==========================================================================================================================================================================
2025-09-09 15:41:28 | INFO | [app.py] QUERY PRICEBOOKS
2025-09-09 15:41:28 | INFO | [app.py] ==========================================================================================================================================================================
2025-09-09 15:41:28 | INFO | [app.py] - Visible pricebooks fetched: 3
2025-09-09 15:41:28 | INFO | [app.py] 
2025-09-09 15:41:28 | INFO | [app.py] ==========================================================================================================================================================================
2025-09-09 15:41:28 | INFO | [app.py] QUERY PRICEBOOK ENTRIES (REST query_all_iter)
2025-09-09 15:41:28 | INFO | [app.py] ==========================================================================================================================================================================
2025-09-09 15:41:28 | INFO | [app.py] - Streaming records…
2025-09-09 15:41:28 | INFO | [app.py] - Saved CSV : D:\Apps\Programming\OneStock\Database Service Helper\files\pricebook\pricebooks_export.csv
2025-09-09 15:41:28 | INFO | [app.py] - Saved TSV : D:\Apps\Programming\OneStock\Database Service Helper\files\pricebook\pricebooks_export.tsv
2025-09-09 15:41:28 | INFO | [app.py] - CSV physical lines (including header): 2963
2025-09-09 15:41:28 | INFO | [app.py] 
2025-09-09 15:41:28 | INFO | [app.py] ==========================================================================================================================================================================
2025-09-09 15:41:28 | INFO | [app.py] WRITE JSON (GROUPED)
2025-09-09 15:41:28 | INFO | [app.py] ==========================================================================================================================================================================
2025-09-09 15:41:28 | INFO | [app.py] - Saved JSON: D:\Apps\Programming\OneStock\Database Service Helper\files\pricebook\pricebooks_export.json
2025-09-09 15:41:28 | INFO | [app.py] 
2025-09-09 15:41:28 | INFO | [app.py] ==========================================================================================================================================================================
2025-09-09 15:41:28 | INFO | [app.py] DONE
2025-09-09 15:41:28 | INFO | [app.py] ==========================================================================================================================================================================
2025-09-09 15:41:28 | INFO | [app.py] ✅ Price books exported (including empty): 3
2025-09-09 15:41:28 | INFO | [app.py] ✅ Total entries exported (rows written): 2962
2025-09-09 15:41:28 | INFO | Finished app.py: rc=0 in 2.7s
2025-09-09 15:41:28 | INFO | --- [1] Running distributer.py ---
2025-09-09 15:41:28 | INFO | Starting script: distributer.py (cwd=D:\Apps\Programming\OneStock\Database Service Helper\files\scripts)
2025-09-09 15:41:28 | INFO | [distributer.py] Wrote 2962 entry rows -> D:\Apps\Programming\OneStock\Database Service Helper\files\salesforce\pricebookEntries.csv
2025-09-09 15:41:28 | INFO | [distributer.py] Wrote 3 pricebooks -> D:\Apps\Programming\OneStock\Database Service Helper\files\salesforce\pricebooks.csv
2025-09-09 15:41:28 | INFO | [distributer.py] Wrote 2962 products -> D:\Apps\Programming\OneStock\Database Service Helper\files\salesforce\products.csv
2025-09-09 15:41:28 | INFO | Finished distributer.py: rc=0 in 0.2s
2025-09-09 15:41:28 | INFO | Cycle finished in 2.9s
2025-09-09 15:46:25 | INFO | Cycle starting.
2025-09-09 15:46:25 | INFO | Using Python : C:\Users\NicholasTjepkema\AppData\Local\Programs\Python\Python312\python.exe
2025-09-09 15:46:25 | INFO | Next interval: 300s (UTC now 2025-09-09 14:46:25)
2025-09-09 15:46:25 | INFO | --- [0] Running app.py ---
2025-09-09 15:46:25 | INFO | Starting script: app.py (cwd=D:\Apps\Programming\OneStock\Database Service Helper\files\scripts)
2025-09-09 15:46:28 | INFO | [app.py] - Using config file     : D:\Apps\Programming\OneStock\Database Service Helper\data.conf
2025-09-09 15:46:28 | INFO | [app.py] - [salesforce].username : support@onemedia.co.uk
2025-09-09 15:46:28 | INFO | [app.py] - [salesforce].domain   : login
2025-09-09 15:46:28 | INFO | [app.py] - [salesforce].password : ******************* (len=19)
2025-09-09 15:46:28 | INFO | [app.py] - [salesforce].token    : ************************ (len=24)
2025-09-09 15:46:28 | INFO | [app.py] - [salesforce].json path : pricebooks_export.json
2025-09-09 15:46:28 | INFO | [app.py] - [salesforce].csv path  : pricebooks_export.csv
2025-09-09 15:46:28 | INFO | [app.py] - Include Product2 fields: True
2025-09-09 15:46:28 | INFO | [app.py] 
2025-09-09 15:46:28 | INFO | [app.py] ==========================================================================================================================================================================
2025-09-09 15:46:28 | INFO | [app.py] LOGIN TO SALESFORCE
2025-09-09 15:46:28 | INFO | [app.py] ==========================================================================================================================================================================
2025-09-09 15:46:28 | INFO | [app.py] - Logging in as support@onemedia.co.uk (domain=login)
2025-09-09 15:46:28 | INFO | [app.py] - Logged in (user+pass+token)
2025-09-09 15:46:28 | INFO | [app.py] 
2025-09-09 15:46:28 | INFO | [app.py] ==========================================================================================================================================================================
2025-09-09 15:46:28 | INFO | [app.py] DISCOVER METADATA
2025-09-09 15:46:28 | INFO | [app.py] ==========================================================================================================================================================================
2025-09-09 15:46:28 | INFO | [app.py] - Discovering custom fields on PricebookEntry…
2025-09-09 15:46:28 | INFO | [app.py] - PBE custom fields: 8
2025-09-09 15:46:28 | INFO | [app.py] - Discovering custom fields on Product2…
2025-09-09 15:46:28 | INFO | [app.py] - Product2 custom fields: 30
2025-09-09 15:46:28 | INFO | [app.py] 
2025-09-09 15:46:28 | INFO | [app.py] ==========================================================================================================================================================================
2025-09-09 15:46:28 | INFO | [app.py] DETECT MULTI-CURRENCY
2025-09-09 15:46:28 | INFO | [app.py] ==========================================================================================================================================================================
2025-09-09 15:46:28 | INFO | [app.py] - Multi-currency available: False
2025-09-09 15:46:28 | INFO | [app.py] 
2025-09-09 15:46:28 | INFO | [app.py] ==========================================================================================================================================================================
2025-09-09 15:46:28 | INFO | [app.py] QUERY PRICEBOOKS
2025-09-09 15:46:28 | INFO | [app.py] ==========================================================================================================================================================================
2025-09-09 15:46:28 | INFO | [app.py] - Visible pricebooks fetched: 3
2025-09-09 15:46:28 | INFO | [app.py] 
2025-09-09 15:46:28 | INFO | [app.py] ==========================================================================================================================================================================
2025-09-09 15:46:28 | INFO | [app.py] QUERY PRICEBOOK ENTRIES (REST query_all_iter)
2025-09-09 15:46:28 | INFO | [app.py] ==========================================================================================================================================================================
2025-09-09 15:46:28 | INFO | [app.py] - Streaming records…
2025-09-09 15:46:28 | INFO | [app.py] - Saved CSV : D:\Apps\Programming\OneStock\Database Service Helper\files\pricebook\pricebooks_export.csv
2025-09-09 15:46:28 | INFO | [app.py] - Saved TSV : D:\Apps\Programming\OneStock\Database Service Helper\files\pricebook\pricebooks_export.tsv
2025-09-09 15:46:28 | INFO | [app.py] - CSV physical lines (including header): 2963
2025-09-09 15:46:28 | INFO | [app.py] 
2025-09-09 15:46:28 | INFO | [app.py] ==========================================================================================================================================================================
2025-09-09 15:46:28 | INFO | [app.py] WRITE JSON (GROUPED)
2025-09-09 15:46:28 | INFO | [app.py] ==========================================================================================================================================================================
2025-09-09 15:46:28 | INFO | [app.py] - Saved JSON: D:\Apps\Programming\OneStock\Database Service Helper\files\pricebook\pricebooks_export.json
2025-09-09 15:46:28 | INFO | [app.py] 
2025-09-09 15:46:28 | INFO | [app.py] ==========================================================================================================================================================================
2025-09-09 15:46:28 | INFO | [app.py] DONE
2025-09-09 15:46:28 | INFO | [app.py] ==========================================================================================================================================================================
2025-09-09 15:46:28 | INFO | [app.py] ✅ Price books exported (including empty): 3
2025-09-09 15:46:28 | INFO | [app.py] ✅ Total entries exported (rows written): 2962
2025-09-09 15:46:28 | INFO | Finished app.py: rc=0 in 2.8s
2025-09-09 15:46:28 | INFO | --- [1] Running distributer.py ---
2025-09-09 15:46:28 | INFO | Starting script: distributer.py (cwd=D:\Apps\Programming\OneStock\Database Service Helper\files\scripts)
2025-09-09 15:46:28 | INFO | [distributer.py] Wrote 2962 entry rows -> D:\Apps\Programming\OneStock\Database Service Helper\files\salesforce\pricebookEntries.csv
2025-09-09 15:46:28 | INFO | [distributer.py] Wrote 3 pricebooks -> D:\Apps\Programming\OneStock\Database Service Helper\files\salesforce\pricebooks.csv
2025-09-09 15:46:28 | INFO | [distributer.py] Wrote 2962 products -> D:\Apps\Programming\OneStock\Database Service Helper\files\salesforce\products.csv
2025-09-09 15:46:28 | INFO | Finished distributer.py: rc=0 in 0.2s
2025-09-09 15:46:28 | INFO | Cycle finished in 3.0s
2025-09-09 15:51:25 | INFO | Cycle starting.
2025-09-09 15:51:25 | INFO | Using Python : C:\Users\NicholasTjepkema\AppData\Local\Programs\Python\Python312\python.exe
2025-09-09 15:51:25 | INFO | Next interval: 300s (UTC now 2025-09-09 14:51:25)
2025-09-09 15:51:25 | INFO | --- [0] Running app.py ---
2025-09-09 15:51:25 | INFO | Starting script: app.py (cwd=D:\Apps\Programming\OneStock\Database Service Helper\files\scripts)
2025-09-09 15:51:28 | INFO | [app.py] - Using config file     : D:\Apps\Programming\OneStock\Database Service Helper\data.conf
2025-09-09 15:51:28 | INFO | [app.py] - [salesforce].username : support@onemedia.co.uk
2025-09-09 15:51:28 | INFO | [app.py] - [salesforce].domain   : login
2025-09-09 15:51:28 | INFO | [app.py] - [salesforce].password : ******************* (len=19)
2025-09-09 15:51:28 | INFO | [app.py] - [salesforce].token    : ************************ (len=24)
2025-09-09 15:51:28 | INFO | [app.py] - [salesforce].json path : pricebooks_export.json
2025-09-09 15:51:28 | INFO | [app.py] - [salesforce].csv path  : pricebooks_export.csv
2025-09-09 15:51:28 | INFO | [app.py] - Include Product2 fields: True
2025-09-09 15:51:28 | INFO | [app.py] 
2025-09-09 15:51:28 | INFO | [app.py] ==========================================================================================================================================================================
2025-09-09 15:51:28 | INFO | [app.py] LOGIN TO SALESFORCE
2025-09-09 15:51:28 | INFO | [app.py] ==========================================================================================================================================================================
2025-09-09 15:51:28 | INFO | [app.py] - Logging in as support@onemedia.co.uk (domain=login)
2025-09-09 15:51:28 | INFO | [app.py] - Logged in (user+pass+token)
2025-09-09 15:51:28 | INFO | [app.py] 
2025-09-09 15:51:28 | INFO | [app.py] ==========================================================================================================================================================================
2025-09-09 15:51:28 | INFO | [app.py] DISCOVER METADATA
2025-09-09 15:51:28 | INFO | [app.py] ==========================================================================================================================================================================
2025-09-09 15:51:28 | INFO | [app.py] - Discovering custom fields on PricebookEntry…
2025-09-09 15:51:28 | INFO | [app.py] - PBE custom fields: 8
2025-09-09 15:51:28 | INFO | [app.py] - Discovering custom fields on Product2…
2025-09-09 15:51:28 | INFO | [app.py] - Product2 custom fields: 30
2025-09-09 15:51:28 | INFO | [app.py] 
2025-09-09 15:51:28 | INFO | [app.py] ==========================================================================================================================================================================
2025-09-09 15:51:28 | INFO | [app.py] DETECT MULTI-CURRENCY
2025-09-09 15:51:28 | INFO | [app.py] ==========================================================================================================================================================================
2025-09-09 15:51:28 | INFO | [app.py] - Multi-currency available: False
2025-09-09 15:51:28 | INFO | [app.py] 
2025-09-09 15:51:28 | INFO | [app.py] ==========================================================================================================================================================================
2025-09-09 15:51:28 | INFO | [app.py] QUERY PRICEBOOKS
2025-09-09 15:51:28 | INFO | [app.py] ==========================================================================================================================================================================
2025-09-09 15:51:28 | INFO | [app.py] - Visible pricebooks fetched: 3
2025-09-09 15:51:28 | INFO | [app.py] 
2025-09-09 15:51:28 | INFO | [app.py] ==========================================================================================================================================================================
2025-09-09 15:51:28 | INFO | [app.py] QUERY PRICEBOOK ENTRIES (REST query_all_iter)
2025-09-09 15:51:28 | INFO | [app.py] ==========================================================================================================================================================================
2025-09-09 15:51:28 | INFO | [app.py] - Streaming records…
2025-09-09 15:51:28 | INFO | [app.py] - Saved CSV : D:\Apps\Programming\OneStock\Database Service Helper\files\pricebook\pricebooks_export.csv
2025-09-09 15:51:28 | INFO | [app.py] - Saved TSV : D:\Apps\Programming\OneStock\Database Service Helper\files\pricebook\pricebooks_export.tsv
2025-09-09 15:51:28 | INFO | [app.py] - CSV physical lines (including header): 2963
2025-09-09 15:51:28 | INFO | [app.py] 
2025-09-09 15:51:28 | INFO | [app.py] ==========================================================================================================================================================================
2025-09-09 15:51:28 | INFO | [app.py] WRITE JSON (GROUPED)
2025-09-09 15:51:28 | INFO | [app.py] ==========================================================================================================================================================================
2025-09-09 15:51:28 | INFO | [app.py] - Saved JSON: D:\Apps\Programming\OneStock\Database Service Helper\files\pricebook\pricebooks_export.json
2025-09-09 15:51:28 | INFO | [app.py] 
2025-09-09 15:51:28 | INFO | [app.py] ==========================================================================================================================================================================
2025-09-09 15:51:28 | INFO | [app.py] DONE
2025-09-09 15:51:28 | INFO | [app.py] ==========================================================================================================================================================================
2025-09-09 15:51:28 | INFO | [app.py] ✅ Price books exported (including empty): 3
2025-09-09 15:51:28 | INFO | [app.py] ✅ Total entries exported (rows written): 2962
2025-09-09 15:51:28 | INFO | Finished app.py: rc=0 in 2.9s
2025-09-09 15:51:28 | INFO | --- [1] Running distributer.py ---
2025-09-09 15:51:28 | INFO | Starting script: distributer.py (cwd=D:\Apps\Programming\OneStock\Database Service Helper\files\scripts)
2025-09-09 15:51:29 | INFO | [distributer.py] Wrote 2962 entry rows -> D:\Apps\Programming\OneStock\Database Service Helper\files\salesforce\pricebookEntries.csv
2025-09-09 15:51:29 | INFO | [distributer.py] Wrote 3 pricebooks -> D:\Apps\Programming\OneStock\Database Service Helper\files\salesforce\pricebooks.csv
2025-09-09 15:51:29 | INFO | [distributer.py] Wrote 2962 products -> D:\Apps\Programming\OneStock\Database Service Helper\files\salesforce\products.csv
2025-09-09 15:51:29 | INFO | Finished distributer.py: rc=0 in 0.2s
2025-09-09 15:51:29 | INFO | Cycle finished in 3.1s
2025-09-09 15:56:25 | INFO | Cycle starting.
2025-09-09 15:56:25 | INFO | Using Python : C:\Users\NicholasTjepkema\AppData\Local\Programs\Python\Python312\python.exe
2025-09-09 15:56:25 | INFO | Next interval: 300s (UTC now 2025-09-09 14:56:25)
2025-09-09 15:56:25 | INFO | --- [0] Running app.py ---
2025-09-09 15:56:25 | INFO | Starting script: app.py (cwd=D:\Apps\Programming\OneStock\Database Service Helper\files\scripts)
2025-09-09 15:56:28 | INFO | [app.py] - Using config file     : D:\Apps\Programming\OneStock\Database Service Helper\data.conf
2025-09-09 15:56:28 | INFO | [app.py] - [salesforce].username : support@onemedia.co.uk
2025-09-09 15:56:28 | INFO | [app.py] - [salesforce].domain   : login
2025-09-09 15:56:28 | INFO | [app.py] - [salesforce].password : ******************* (len=19)
2025-09-09 15:56:28 | INFO | [app.py] - [salesforce].token    : ************************ (len=24)
2025-09-09 15:56:28 | INFO | [app.py] - [salesforce].json path : pricebooks_export.json
2025-09-09 15:56:28 | INFO | [app.py] - [salesforce].csv path  : pricebooks_export.csv
2025-09-09 15:56:28 | INFO | [app.py] - Include Product2 fields: True
2025-09-09 15:56:28 | INFO | [app.py] 
2025-09-09 15:56:28 | INFO | [app.py] ==========================================================================================================================================================================
2025-09-09 15:56:28 | INFO | [app.py] LOGIN TO SALESFORCE
2025-09-09 15:56:28 | INFO | [app.py] ==========================================================================================================================================================================
2025-09-09 15:56:28 | INFO | [app.py] - Logging in as support@onemedia.co.uk (domain=login)
2025-09-09 15:56:28 | INFO | [app.py] - Logged in (user+pass+token)
2025-09-09 15:56:28 | INFO | [app.py] 
2025-09-09 15:56:28 | INFO | [app.py] ==========================================================================================================================================================================
2025-09-09 15:56:28 | INFO | [app.py] DISCOVER METADATA
2025-09-09 15:56:28 | INFO | [app.py] ==========================================================================================================================================================================
2025-09-09 15:56:28 | INFO | [app.py] - Discovering custom fields on PricebookEntry…
2025-09-09 15:56:28 | INFO | [app.py] - PBE custom fields: 8
2025-09-09 15:56:28 | INFO | [app.py] - Discovering custom fields on Product2…
2025-09-09 15:56:28 | INFO | [app.py] - Product2 custom fields: 30
2025-09-09 15:56:28 | INFO | [app.py] 
2025-09-09 15:56:28 | INFO | [app.py] ==========================================================================================================================================================================
2025-09-09 15:56:28 | INFO | [app.py] DETECT MULTI-CURRENCY
2025-09-09 15:56:28 | INFO | [app.py] ==========================================================================================================================================================================
2025-09-09 15:56:28 | INFO | [app.py] - Multi-currency available: False
2025-09-09 15:56:28 | INFO | [app.py] 
2025-09-09 15:56:28 | INFO | [app.py] ==========================================================================================================================================================================
2025-09-09 15:56:28 | INFO | [app.py] QUERY PRICEBOOKS
2025-09-09 15:56:28 | INFO | [app.py] ==========================================================================================================================================================================
2025-09-09 15:56:28 | INFO | [app.py] - Visible pricebooks fetched: 3
2025-09-09 15:56:28 | INFO | [app.py] 
2025-09-09 15:56:28 | INFO | [app.py] ==========================================================================================================================================================================
2025-09-09 15:56:28 | INFO | [app.py] QUERY PRICEBOOK ENTRIES (REST query_all_iter)
2025-09-09 15:56:28 | INFO | [app.py] ==========================================================================================================================================================================
2025-09-09 15:56:28 | INFO | [app.py] - Streaming records…
2025-09-09 15:56:28 | INFO | [app.py] - Saved CSV : D:\Apps\Programming\OneStock\Database Service Helper\files\pricebook\pricebooks_export.csv
2025-09-09 15:56:28 | INFO | [app.py] - Saved TSV : D:\Apps\Programming\OneStock\Database Service Helper\files\pricebook\pricebooks_export.tsv
2025-09-09 15:56:28 | INFO | [app.py] - CSV physical lines (including header): 2963
2025-09-09 15:56:28 | INFO | [app.py] 
2025-09-09 15:56:28 | INFO | [app.py] ==========================================================================================================================================================================
2025-09-09 15:56:28 | INFO | [app.py] WRITE JSON (GROUPED)
2025-09-09 15:56:28 | INFO | [app.py] ==========================================================================================================================================================================
2025-09-09 15:56:28 | INFO | [app.py] - Saved JSON: D:\Apps\Programming\OneStock\Database Service Helper\files\pricebook\pricebooks_export.json
2025-09-09 15:56:28 | INFO | [app.py] 
2025-09-09 15:56:28 | INFO | [app.py] ==========================================================================================================================================================================
2025-09-09 15:56:28 | INFO | [app.py] DONE
2025-09-09 15:56:28 | INFO | [app.py] ==========================================================================================================================================================================
2025-09-09 15:56:28 | INFO | [app.py] ✅ Price books exported (including empty): 3
2025-09-09 15:56:28 | INFO | [app.py] ✅ Total entries exported (rows written): 2962
2025-09-09 15:56:28 | INFO | Finished app.py: rc=0 in 2.9s
2025-09-09 15:56:28 | INFO | --- [1] Running distributer.py ---
2025-09-09 15:56:28 | INFO | Starting script: distributer.py (cwd=D:\Apps\Programming\OneStock\Database Service Helper\files\scripts)
2025-09-09 15:56:29 | INFO | [distributer.py] Wrote 2962 entry rows -> D:\Apps\Programming\OneStock\Database Service Helper\files\salesforce\pricebookEntries.csv
2025-09-09 15:56:29 | INFO | [distributer.py] Wrote 3 pricebooks -> D:\Apps\Programming\OneStock\Database Service Helper\files\salesforce\pricebooks.csv
2025-09-09 15:56:29 | INFO | [distributer.py] Wrote 2962 products -> D:\Apps\Programming\OneStock\Database Service Helper\files\salesforce\products.csv
2025-09-09 15:56:29 | INFO | Finished distributer.py: rc=0 in 0.2s
2025-09-09 15:56:29 | INFO | Cycle finished in 3.1s
2025-09-09 16:01:26 | INFO | Cycle starting.
2025-09-09 16:01:26 | INFO | Using Python : C:\Users\NicholasTjepkema\AppData\Local\Programs\Python\Python312\python.exe
2025-09-09 16:01:26 | INFO | Next interval: 300s (UTC now 2025-09-09 15:01:26)
2025-09-09 16:01:26 | INFO | --- [0] Running app.py ---
2025-09-09 16:01:26 | INFO | Starting script: app.py (cwd=D:\Apps\Programming\OneStock\Database Service Helper\files\scripts)
2025-09-09 16:01:28 | INFO | [app.py] - Using config file     : D:\Apps\Programming\OneStock\Database Service Helper\data.conf
2025-09-09 16:01:28 | INFO | [app.py] - [salesforce].username : support@onemedia.co.uk
2025-09-09 16:01:28 | INFO | [app.py] - [salesforce].domain   : login
2025-09-09 16:01:28 | INFO | [app.py] - [salesforce].password : ******************* (len=19)
2025-09-09 16:01:28 | INFO | [app.py] - [salesforce].token    : ************************ (len=24)
2025-09-09 16:01:28 | INFO | [app.py] - [salesforce].json path : pricebooks_export.json
2025-09-09 16:01:28 | INFO | [app.py] - [salesforce].csv path  : pricebooks_export.csv
2025-09-09 16:01:28 | INFO | [app.py] - Include Product2 fields: True
2025-09-09 16:01:28 | INFO | [app.py] 
2025-09-09 16:01:28 | INFO | [app.py] ==========================================================================================================================================================================
2025-09-09 16:01:28 | INFO | [app.py] LOGIN TO SALESFORCE
2025-09-09 16:01:28 | INFO | [app.py] ==========================================================================================================================================================================
2025-09-09 16:01:28 | INFO | [app.py] - Logging in as support@onemedia.co.uk (domain=login)
2025-09-09 16:01:28 | INFO | [app.py] - Logged in (user+pass+token)
2025-09-09 16:01:28 | INFO | [app.py] 
2025-09-09 16:01:28 | INFO | [app.py] ==========================================================================================================================================================================
2025-09-09 16:01:28 | INFO | [app.py] DISCOVER METADATA
2025-09-09 16:01:28 | INFO | [app.py] ==========================================================================================================================================================================
2025-09-09 16:01:28 | INFO | [app.py] - Discovering custom fields on PricebookEntry…
2025-09-09 16:01:28 | INFO | [app.py] - PBE custom fields: 8
2025-09-09 16:01:28 | INFO | [app.py] - Discovering custom fields on Product2…
2025-09-09 16:01:28 | INFO | [app.py] - Product2 custom fields: 30
2025-09-09 16:01:28 | INFO | [app.py] 
2025-09-09 16:01:28 | INFO | [app.py] ==========================================================================================================================================================================
2025-09-09 16:01:28 | INFO | [app.py] DETECT MULTI-CURRENCY
2025-09-09 16:01:28 | INFO | [app.py] ==========================================================================================================================================================================
2025-09-09 16:01:28 | INFO | [app.py] - Multi-currency available: False
2025-09-09 16:01:28 | INFO | [app.py] 
2025-09-09 16:01:28 | INFO | [app.py] ==========================================================================================================================================================================
2025-09-09 16:01:28 | INFO | [app.py] QUERY PRICEBOOKS
2025-09-09 16:01:28 | INFO | [app.py] ==========================================================================================================================================================================
2025-09-09 16:01:28 | INFO | [app.py] - Visible pricebooks fetched: 3
2025-09-09 16:01:28 | INFO | [app.py] 
2025-09-09 16:01:28 | INFO | [app.py] ==========================================================================================================================================================================
2025-09-09 16:01:28 | INFO | [app.py] QUERY PRICEBOOK ENTRIES (REST query_all_iter)
2025-09-09 16:01:28 | INFO | [app.py] ==========================================================================================================================================================================
2025-09-09 16:01:28 | INFO | [app.py] - Streaming records…
2025-09-09 16:01:28 | INFO | [app.py] - Saved CSV : D:\Apps\Programming\OneStock\Database Service Helper\files\pricebook\pricebooks_export.csv
2025-09-09 16:01:28 | INFO | [app.py] - Saved TSV : D:\Apps\Programming\OneStock\Database Service Helper\files\pricebook\pricebooks_export.tsv
2025-09-09 16:01:28 | INFO | [app.py] - CSV physical lines (including header): 2963
2025-09-09 16:01:28 | INFO | [app.py] 
2025-09-09 16:01:28 | INFO | [app.py] ==========================================================================================================================================================================
2025-09-09 16:01:28 | INFO | [app.py] WRITE JSON (GROUPED)
2025-09-09 16:01:28 | INFO | [app.py] ==========================================================================================================================================================================
2025-09-09 16:01:28 | INFO | [app.py] - Saved JSON: D:\Apps\Programming\OneStock\Database Service Helper\files\pricebook\pricebooks_export.json
2025-09-09 16:01:28 | INFO | [app.py] 
2025-09-09 16:01:28 | INFO | [app.py] ==========================================================================================================================================================================
2025-09-09 16:01:28 | INFO | [app.py] DONE
2025-09-09 16:01:28 | INFO | [app.py] ==========================================================================================================================================================================
2025-09-09 16:01:28 | INFO | [app.py] ✅ Price books exported (including empty): 3
2025-09-09 16:01:28 | INFO | [app.py] ✅ Total entries exported (rows written): 2962
2025-09-09 16:01:28 | INFO | Finished app.py: rc=0 in 2.8s
2025-09-09 16:01:28 | INFO | --- [1] Running distributer.py ---
2025-09-09 16:01:28 | INFO | Starting script: distributer.py (cwd=D:\Apps\Programming\OneStock\Database Service Helper\files\scripts)
2025-09-09 16:01:29 | INFO | [distributer.py] Wrote 2962 entry rows -> D:\Apps\Programming\OneStock\Database Service Helper\files\salesforce\pricebookEntries.csv
2025-09-09 16:01:29 | INFO | [distributer.py] Wrote 3 pricebooks -> D:\Apps\Programming\OneStock\Database Service Helper\files\salesforce\pricebooks.csv
2025-09-09 16:01:29 | INFO | [distributer.py] Wrote 2962 products -> D:\Apps\Programming\OneStock\Database Service Helper\files\salesforce\products.csv
2025-09-09 16:01:29 | INFO | Finished distributer.py: rc=0 in 0.2s
2025-09-09 16:01:29 | INFO | Cycle finished in 3.0s
2025-09-09 16:06:26 | INFO | Cycle starting.
2025-09-09 16:06:26 | INFO | Using Python : C:\Users\NicholasTjepkema\AppData\Local\Programs\Python\Python312\python.exe
2025-09-09 16:06:26 | INFO | Next interval: 300s (UTC now 2025-09-09 15:06:26)
2025-09-09 16:06:26 | INFO | --- [0] Running app.py ---
2025-09-09 16:06:26 | INFO | Starting script: app.py (cwd=D:\Apps\Programming\OneStock\Database Service Helper\files\scripts)
2025-09-09 16:06:29 | INFO | [app.py] - Using config file     : D:\Apps\Programming\OneStock\Database Service Helper\data.conf
2025-09-09 16:06:29 | INFO | [app.py] - [salesforce].username : support@onemedia.co.uk
2025-09-09 16:06:29 | INFO | [app.py] - [salesforce].domain   : login
2025-09-09 16:06:29 | INFO | [app.py] - [salesforce].password : ******************* (len=19)
2025-09-09 16:06:29 | INFO | [app.py] - [salesforce].token    : ************************ (len=24)
2025-09-09 16:06:29 | INFO | [app.py] - [salesforce].json path : pricebooks_export.json
2025-09-09 16:06:29 | INFO | [app.py] - [salesforce].csv path  : pricebooks_export.csv
2025-09-09 16:06:29 | INFO | [app.py] - Include Product2 fields: True
2025-09-09 16:06:29 | INFO | [app.py] 
2025-09-09 16:06:29 | INFO | [app.py] ==========================================================================================================================================================================
2025-09-09 16:06:29 | INFO | [app.py] LOGIN TO SALESFORCE
2025-09-09 16:06:29 | INFO | [app.py] ==========================================================================================================================================================================
2025-09-09 16:06:29 | INFO | [app.py] - Logging in as support@onemedia.co.uk (domain=login)
2025-09-09 16:06:29 | INFO | [app.py] - Logged in (user+pass+token)
2025-09-09 16:06:29 | INFO | [app.py] 
2025-09-09 16:06:29 | INFO | [app.py] ==========================================================================================================================================================================
2025-09-09 16:06:29 | INFO | [app.py] DISCOVER METADATA
2025-09-09 16:06:29 | INFO | [app.py] ==========================================================================================================================================================================
2025-09-09 16:06:29 | INFO | [app.py] - Discovering custom fields on PricebookEntry…
2025-09-09 16:06:29 | INFO | [app.py] - PBE custom fields: 8
2025-09-09 16:06:29 | INFO | [app.py] - Discovering custom fields on Product2…
2025-09-09 16:06:29 | INFO | [app.py] - Product2 custom fields: 30
2025-09-09 16:06:29 | INFO | [app.py] 
2025-09-09 16:06:29 | INFO | [app.py] ==========================================================================================================================================================================
2025-09-09 16:06:29 | INFO | [app.py] DETECT MULTI-CURRENCY
2025-09-09 16:06:29 | INFO | [app.py] ==========================================================================================================================================================================
2025-09-09 16:06:29 | INFO | [app.py] - Multi-currency available: False
2025-09-09 16:06:29 | INFO | [app.py] 
2025-09-09 16:06:29 | INFO | [app.py] ==========================================================================================================================================================================
2025-09-09 16:06:29 | INFO | [app.py] QUERY PRICEBOOKS
2025-09-09 16:06:29 | INFO | [app.py] ==========================================================================================================================================================================
2025-09-09 16:06:29 | INFO | [app.py] - Visible pricebooks fetched: 3
2025-09-09 16:06:29 | INFO | [app.py] 
2025-09-09 16:06:29 | INFO | [app.py] ==========================================================================================================================================================================
2025-09-09 16:06:29 | INFO | [app.py] QUERY PRICEBOOK ENTRIES (REST query_all_iter)
2025-09-09 16:06:29 | INFO | [app.py] ==========================================================================================================================================================================
2025-09-09 16:06:29 | INFO | [app.py] - Streaming records…
2025-09-09 16:06:29 | INFO | [app.py] - Saved CSV : D:\Apps\Programming\OneStock\Database Service Helper\files\pricebook\pricebooks_export.csv
2025-09-09 16:06:29 | INFO | [app.py] - Saved TSV : D:\Apps\Programming\OneStock\Database Service Helper\files\pricebook\pricebooks_export.tsv
2025-09-09 16:06:29 | INFO | [app.py] - CSV physical lines (including header): 2963
2025-09-09 16:06:29 | INFO | [app.py] 
2025-09-09 16:06:29 | INFO | [app.py] ==========================================================================================================================================================================
2025-09-09 16:06:29 | INFO | [app.py] WRITE JSON (GROUPED)
2025-09-09 16:06:29 | INFO | [app.py] ==========================================================================================================================================================================
2025-09-09 16:06:29 | INFO | [app.py] - Saved JSON: D:\Apps\Programming\OneStock\Database Service Helper\files\pricebook\pricebooks_export.json
2025-09-09 16:06:29 | INFO | [app.py] 
2025-09-09 16:06:29 | INFO | [app.py] ==========================================================================================================================================================================
2025-09-09 16:06:29 | INFO | [app.py] DONE
2025-09-09 16:06:29 | INFO | [app.py] ==========================================================================================================================================================================
2025-09-09 16:06:29 | INFO | [app.py] ✅ Price books exported (including empty): 3
2025-09-09 16:06:29 | INFO | [app.py] ✅ Total entries exported (rows written): 2962
2025-09-09 16:06:29 | INFO | Finished app.py: rc=0 in 3.1s
2025-09-09 16:06:29 | INFO | --- [1] Running distributer.py ---
2025-09-09 16:06:29 | INFO | Starting script: distributer.py (cwd=D:\Apps\Programming\OneStock\Database Service Helper\files\scripts)
2025-09-09 16:06:29 | INFO | [distributer.py] Wrote 2962 entry rows -> D:\Apps\Programming\OneStock\Database Service Helper\files\salesforce\pricebookEntries.csv
2025-09-09 16:06:29 | INFO | [distributer.py] Wrote 3 pricebooks -> D:\Apps\Programming\OneStock\Database Service Helper\files\salesforce\pricebooks.csv
2025-09-09 16:06:29 | INFO | [distributer.py] Wrote 2962 products -> D:\Apps\Programming\OneStock\Database Service Helper\files\salesforce\products.csv
2025-09-09 16:06:29 | INFO | Finished distributer.py: rc=0 in 0.2s
2025-09-09 16:06:29 | INFO | Cycle finished in 3.3s
2025-09-09 16:11:26 | INFO | Cycle starting.
2025-09-09 16:11:26 | INFO | Using Python : C:\Users\NicholasTjepkema\AppData\Local\Programs\Python\Python312\python.exe
2025-09-09 16:11:26 | INFO | Next interval: 300s (UTC now 2025-09-09 15:11:26)
2025-09-09 16:11:26 | INFO | --- [0] Running app.py ---
2025-09-09 16:11:26 | INFO | Starting script: app.py (cwd=D:\Apps\Programming\OneStock\Database Service Helper\files\scripts)
2025-09-09 16:11:28 | INFO | [app.py] - Using config file     : D:\Apps\Programming\OneStock\Database Service Helper\data.conf
2025-09-09 16:11:28 | INFO | [app.py] - [salesforce].username : support@onemedia.co.uk
2025-09-09 16:11:28 | INFO | [app.py] - [salesforce].domain   : login
2025-09-09 16:11:28 | INFO | [app.py] - [salesforce].password : ******************* (len=19)
2025-09-09 16:11:28 | INFO | [app.py] - [salesforce].token    : ************************ (len=24)
2025-09-09 16:11:28 | INFO | [app.py] - [salesforce].json path : pricebooks_export.json
2025-09-09 16:11:28 | INFO | [app.py] - [salesforce].csv path  : pricebooks_export.csv
2025-09-09 16:11:28 | INFO | [app.py] - Include Product2 fields: True
2025-09-09 16:11:28 | INFO | [app.py] 
2025-09-09 16:11:28 | INFO | [app.py] ==========================================================================================================================================================================
2025-09-09 16:11:28 | INFO | [app.py] LOGIN TO SALESFORCE
2025-09-09 16:11:28 | INFO | [app.py] ==========================================================================================================================================================================
2025-09-09 16:11:28 | INFO | [app.py] - Logging in as support@onemedia.co.uk (domain=login)
2025-09-09 16:11:28 | INFO | [app.py] - Logged in (user+pass+token)
2025-09-09 16:11:28 | INFO | [app.py] 
2025-09-09 16:11:28 | INFO | [app.py] ==========================================================================================================================================================================
2025-09-09 16:11:28 | INFO | [app.py] DISCOVER METADATA
2025-09-09 16:11:28 | INFO | [app.py] ==========================================================================================================================================================================
2025-09-09 16:11:28 | INFO | [app.py] - Discovering custom fields on PricebookEntry…
2025-09-09 16:11:28 | INFO | [app.py] - PBE custom fields: 8
2025-09-09 16:11:28 | INFO | [app.py] - Discovering custom fields on Product2…
2025-09-09 16:11:28 | INFO | [app.py] - Product2 custom fields: 30
2025-09-09 16:11:28 | INFO | [app.py] 
2025-09-09 16:11:28 | INFO | [app.py] ==========================================================================================================================================================================
2025-09-09 16:11:28 | INFO | [app.py] DETECT MULTI-CURRENCY
2025-09-09 16:11:28 | INFO | [app.py] ==========================================================================================================================================================================
2025-09-09 16:11:28 | INFO | [app.py] - Multi-currency available: False
2025-09-09 16:11:28 | INFO | [app.py] 
2025-09-09 16:11:28 | INFO | [app.py] ==========================================================================================================================================================================
2025-09-09 16:11:28 | INFO | [app.py] QUERY PRICEBOOKS
2025-09-09 16:11:28 | INFO | [app.py] ==========================================================================================================================================================================
2025-09-09 16:11:28 | INFO | [app.py] - Visible pricebooks fetched: 3
2025-09-09 16:11:28 | INFO | [app.py] 
2025-09-09 16:11:28 | INFO | [app.py] ==========================================================================================================================================================================
2025-09-09 16:11:28 | INFO | [app.py] QUERY PRICEBOOK ENTRIES (REST query_all_iter)
2025-09-09 16:11:28 | INFO | [app.py] ==========================================================================================================================================================================
2025-09-09 16:11:28 | INFO | [app.py] - Streaming records…
2025-09-09 16:11:28 | INFO | [app.py] - Saved CSV : D:\Apps\Programming\OneStock\Database Service Helper\files\pricebook\pricebooks_export.csv
2025-09-09 16:11:28 | INFO | [app.py] - Saved TSV : D:\Apps\Programming\OneStock\Database Service Helper\files\pricebook\pricebooks_export.tsv
2025-09-09 16:11:28 | INFO | [app.py] - CSV physical lines (including header): 2963
2025-09-09 16:11:28 | INFO | [app.py] 
2025-09-09 16:11:28 | INFO | [app.py] ==========================================================================================================================================================================
2025-09-09 16:11:28 | INFO | [app.py] WRITE JSON (GROUPED)
2025-09-09 16:11:28 | INFO | [app.py] ==========================================================================================================================================================================
2025-09-09 16:11:28 | INFO | [app.py] - Saved JSON: D:\Apps\Programming\OneStock\Database Service Helper\files\pricebook\pricebooks_export.json
2025-09-09 16:11:28 | INFO | [app.py] 
2025-09-09 16:11:28 | INFO | [app.py] ==========================================================================================================================================================================
2025-09-09 16:11:28 | INFO | [app.py] DONE
2025-09-09 16:11:28 | INFO | [app.py] ==========================================================================================================================================================================
2025-09-09 16:11:28 | INFO | [app.py] ✅ Price books exported (including empty): 3
2025-09-09 16:11:28 | INFO | [app.py] ✅ Total entries exported (rows written): 2962
2025-09-09 16:11:28 | INFO | Finished app.py: rc=0 in 2.6s
2025-09-09 16:11:28 | INFO | --- [1] Running distributer.py ---
2025-09-09 16:11:28 | INFO | Starting script: distributer.py (cwd=D:\Apps\Programming\OneStock\Database Service Helper\files\scripts)
2025-09-09 16:11:28 | INFO | [distributer.py] Wrote 2962 entry rows -> D:\Apps\Programming\OneStock\Database Service Helper\files\salesforce\pricebookEntries.csv
2025-09-09 16:11:28 | INFO | [distributer.py] Wrote 3 pricebooks -> D:\Apps\Programming\OneStock\Database Service Helper\files\salesforce\pricebooks.csv
2025-09-09 16:11:28 | INFO | [distributer.py] Wrote 2962 products -> D:\Apps\Programming\OneStock\Database Service Helper\files\salesforce\products.csv
2025-09-09 16:11:28 | INFO | Finished distributer.py: rc=0 in 0.2s
2025-09-09 16:11:28 | INFO | Cycle finished in 2.8s
2025-09-09 16:16:26 | INFO | Cycle starting.
2025-09-09 16:16:26 | INFO | Using Python : C:\Users\NicholasTjepkema\AppData\Local\Programs\Python\Python312\python.exe
2025-09-09 16:16:26 | INFO | Next interval: 300s (UTC now 2025-09-09 15:16:26)
2025-09-09 16:16:26 | INFO | --- [0] Running app.py ---
2025-09-09 16:16:26 | INFO | Starting script: app.py (cwd=D:\Apps\Programming\OneStock\Database Service Helper\files\scripts)
2025-09-09 16:16:28 | INFO | [app.py] - Using config file     : D:\Apps\Programming\OneStock\Database Service Helper\data.conf
2025-09-09 16:16:28 | INFO | [app.py] - [salesforce].username : support@onemedia.co.uk
2025-09-09 16:16:28 | INFO | [app.py] - [salesforce].domain   : login
2025-09-09 16:16:28 | INFO | [app.py] - [salesforce].password : ******************* (len=19)
2025-09-09 16:16:28 | INFO | [app.py] - [salesforce].token    : ************************ (len=24)
2025-09-09 16:16:28 | INFO | [app.py] - [salesforce].json path : pricebooks_export.json
2025-09-09 16:16:28 | INFO | [app.py] - [salesforce].csv path  : pricebooks_export.csv
2025-09-09 16:16:28 | INFO | [app.py] - Include Product2 fields: True
2025-09-09 16:16:28 | INFO | [app.py] 
2025-09-09 16:16:28 | INFO | [app.py] ==========================================================================================================================================================================
2025-09-09 16:16:28 | INFO | [app.py] LOGIN TO SALESFORCE
2025-09-09 16:16:28 | INFO | [app.py] ==========================================================================================================================================================================
2025-09-09 16:16:28 | INFO | [app.py] - Logging in as support@onemedia.co.uk (domain=login)
2025-09-09 16:16:28 | INFO | [app.py] - Logged in (user+pass+token)
2025-09-09 16:16:28 | INFO | [app.py] 
2025-09-09 16:16:28 | INFO | [app.py] ==========================================================================================================================================================================
2025-09-09 16:16:28 | INFO | [app.py] DISCOVER METADATA
2025-09-09 16:16:28 | INFO | [app.py] ==========================================================================================================================================================================
2025-09-09 16:16:28 | INFO | [app.py] - Discovering custom fields on PricebookEntry…
2025-09-09 16:16:28 | INFO | [app.py] - PBE custom fields: 8
2025-09-09 16:16:28 | INFO | [app.py] - Discovering custom fields on Product2…
2025-09-09 16:16:28 | INFO | [app.py] - Product2 custom fields: 30
2025-09-09 16:16:28 | INFO | [app.py] 
2025-09-09 16:16:28 | INFO | [app.py] ==========================================================================================================================================================================
2025-09-09 16:16:28 | INFO | [app.py] DETECT MULTI-CURRENCY
2025-09-09 16:16:28 | INFO | [app.py] ==========================================================================================================================================================================
2025-09-09 16:16:28 | INFO | [app.py] - Multi-currency available: False
2025-09-09 16:16:28 | INFO | [app.py] 
2025-09-09 16:16:28 | INFO | [app.py] ==========================================================================================================================================================================
2025-09-09 16:16:28 | INFO | [app.py] QUERY PRICEBOOKS
2025-09-09 16:16:28 | INFO | [app.py] ==========================================================================================================================================================================
2025-09-09 16:16:28 | INFO | [app.py] - Visible pricebooks fetched: 3
2025-09-09 16:16:28 | INFO | [app.py] 
2025-09-09 16:16:28 | INFO | [app.py] ==========================================================================================================================================================================
2025-09-09 16:16:28 | INFO | [app.py] QUERY PRICEBOOK ENTRIES (REST query_all_iter)
2025-09-09 16:16:28 | INFO | [app.py] ==========================================================================================================================================================================
2025-09-09 16:16:28 | INFO | [app.py] - Streaming records…
2025-09-09 16:16:28 | INFO | [app.py] - Saved CSV : D:\Apps\Programming\OneStock\Database Service Helper\files\pricebook\pricebooks_export.csv
2025-09-09 16:16:28 | INFO | [app.py] - Saved TSV : D:\Apps\Programming\OneStock\Database Service Helper\files\pricebook\pricebooks_export.tsv
2025-09-09 16:16:28 | INFO | [app.py] - CSV physical lines (including header): 2963
2025-09-09 16:16:28 | INFO | [app.py] 
2025-09-09 16:16:28 | INFO | [app.py] ==========================================================================================================================================================================
2025-09-09 16:16:28 | INFO | [app.py] WRITE JSON (GROUPED)
2025-09-09 16:16:28 | INFO | [app.py] ==========================================================================================================================================================================
2025-09-09 16:16:28 | INFO | [app.py] - Saved JSON: D:\Apps\Programming\OneStock\Database Service Helper\files\pricebook\pricebooks_export.json
2025-09-09 16:16:28 | INFO | [app.py] 
2025-09-09 16:16:28 | INFO | [app.py] ==========================================================================================================================================================================
2025-09-09 16:16:28 | INFO | [app.py] DONE
2025-09-09 16:16:28 | INFO | [app.py] ==========================================================================================================================================================================
2025-09-09 16:16:28 | INFO | [app.py] ✅ Price books exported (including empty): 3
2025-09-09 16:16:28 | INFO | [app.py] ✅ Total entries exported (rows written): 2962
2025-09-09 16:16:28 | INFO | Finished app.py: rc=0 in 2.7s
2025-09-09 16:16:28 | INFO | --- [1] Running distributer.py ---
2025-09-09 16:16:28 | INFO | Starting script: distributer.py (cwd=D:\Apps\Programming\OneStock\Database Service Helper\files\scripts)
2025-09-09 16:16:28 | INFO | [distributer.py] Wrote 2962 entry rows -> D:\Apps\Programming\OneStock\Database Service Helper\files\salesforce\pricebookEntries.csv
2025-09-09 16:16:28 | INFO | [distributer.py] Wrote 3 pricebooks -> D:\Apps\Programming\OneStock\Database Service Helper\files\salesforce\pricebooks.csv
2025-09-09 16:16:28 | INFO | [distributer.py] Wrote 2962 products -> D:\Apps\Programming\OneStock\Database Service Helper\files\salesforce\products.csv
2025-09-09 16:16:28 | INFO | Finished distributer.py: rc=0 in 0.2s
2025-09-09 16:16:28 | INFO | Cycle finished in 2.9s
2025-09-09 16:21:26 | INFO | Cycle starting.
2025-09-09 16:21:26 | INFO | Using Python : C:\Users\NicholasTjepkema\AppData\Local\Programs\Python\Python312\python.exe
2025-09-09 16:21:26 | INFO | Next interval: 300s (UTC now 2025-09-09 15:21:26)
2025-09-09 16:21:26 | INFO | --- [0] Running app.py ---
2025-09-09 16:21:26 | INFO | Starting script: app.py (cwd=D:\Apps\Programming\OneStock\Database Service Helper\files\scripts)
2025-09-09 16:21:29 | INFO | [app.py] - Using config file     : D:\Apps\Programming\OneStock\Database Service Helper\data.conf
2025-09-09 16:21:29 | INFO | [app.py] - [salesforce].username : support@onemedia.co.uk
2025-09-09 16:21:29 | INFO | [app.py] - [salesforce].domain   : login
2025-09-09 16:21:29 | INFO | [app.py] - [salesforce].password : ******************* (len=19)
2025-09-09 16:21:29 | INFO | [app.py] - [salesforce].token    : ************************ (len=24)
2025-09-09 16:21:29 | INFO | [app.py] - [salesforce].json path : pricebooks_export.json
2025-09-09 16:21:29 | INFO | [app.py] - [salesforce].csv path  : pricebooks_export.csv
2025-09-09 16:21:29 | INFO | [app.py] - Include Product2 fields: True
2025-09-09 16:21:29 | INFO | [app.py] 
2025-09-09 16:21:29 | INFO | [app.py] ==========================================================================================================================================================================
2025-09-09 16:21:29 | INFO | [app.py] LOGIN TO SALESFORCE
2025-09-09 16:21:29 | INFO | [app.py] ==========================================================================================================================================================================
2025-09-09 16:21:29 | INFO | [app.py] - Logging in as support@onemedia.co.uk (domain=login)
2025-09-09 16:21:29 | INFO | [app.py] - Logged in (user+pass+token)
2025-09-09 16:21:29 | INFO | [app.py] 
2025-09-09 16:21:29 | INFO | [app.py] ==========================================================================================================================================================================
2025-09-09 16:21:29 | INFO | [app.py] DISCOVER METADATA
2025-09-09 16:21:29 | INFO | [app.py] ==========================================================================================================================================================================
2025-09-09 16:21:29 | INFO | [app.py] - Discovering custom fields on PricebookEntry…
2025-09-09 16:21:29 | INFO | [app.py] - PBE custom fields: 8
2025-09-09 16:21:29 | INFO | [app.py] - Discovering custom fields on Product2…
2025-09-09 16:21:29 | INFO | [app.py] - Product2 custom fields: 30
2025-09-09 16:21:29 | INFO | [app.py] 
2025-09-09 16:21:29 | INFO | [app.py] ==========================================================================================================================================================================
2025-09-09 16:21:29 | INFO | [app.py] DETECT MULTI-CURRENCY
2025-09-09 16:21:29 | INFO | [app.py] ==========================================================================================================================================================================
2025-09-09 16:21:29 | INFO | [app.py] - Multi-currency available: False
2025-09-09 16:21:29 | INFO | [app.py] 
2025-09-09 16:21:29 | INFO | [app.py] ==========================================================================================================================================================================
2025-09-09 16:21:29 | INFO | [app.py] QUERY PRICEBOOKS
2025-09-09 16:21:29 | INFO | [app.py] ==========================================================================================================================================================================
2025-09-09 16:21:29 | INFO | [app.py] - Visible pricebooks fetched: 3
2025-09-09 16:21:29 | INFO | [app.py] 
2025-09-09 16:21:29 | INFO | [app.py] ==========================================================================================================================================================================
2025-09-09 16:21:29 | INFO | [app.py] QUERY PRICEBOOK ENTRIES (REST query_all_iter)
2025-09-09 16:21:29 | INFO | [app.py] ==========================================================================================================================================================================
2025-09-09 16:21:29 | INFO | [app.py] - Streaming records…
2025-09-09 16:21:29 | INFO | [app.py] - Saved CSV : D:\Apps\Programming\OneStock\Database Service Helper\files\pricebook\pricebooks_export.csv
2025-09-09 16:21:29 | INFO | [app.py] - Saved TSV : D:\Apps\Programming\OneStock\Database Service Helper\files\pricebook\pricebooks_export.tsv
2025-09-09 16:21:29 | INFO | [app.py] - CSV physical lines (including header): 2963
2025-09-09 16:21:29 | INFO | [app.py] 
2025-09-09 16:21:29 | INFO | [app.py] ==========================================================================================================================================================================
2025-09-09 16:21:29 | INFO | [app.py] WRITE JSON (GROUPED)
2025-09-09 16:21:29 | INFO | [app.py] ==========================================================================================================================================================================
2025-09-09 16:21:29 | INFO | [app.py] - Saved JSON: D:\Apps\Programming\OneStock\Database Service Helper\files\pricebook\pricebooks_export.json
2025-09-09 16:21:29 | INFO | [app.py] 
2025-09-09 16:21:29 | INFO | [app.py] ==========================================================================================================================================================================
2025-09-09 16:21:29 | INFO | [app.py] DONE
2025-09-09 16:21:29 | INFO | [app.py] ==========================================================================================================================================================================
2025-09-09 16:21:29 | INFO | [app.py] ✅ Price books exported (including empty): 3
2025-09-09 16:21:29 | INFO | [app.py] ✅ Total entries exported (rows written): 2962
2025-09-09 16:21:29 | INFO | Finished app.py: rc=0 in 3.1s
2025-09-09 16:21:29 | INFO | --- [1] Running distributer.py ---
2025-09-09 16:21:29 | INFO | Starting script: distributer.py (cwd=D:\Apps\Programming\OneStock\Database Service Helper\files\scripts)
2025-09-09 16:21:29 | INFO | [distributer.py] Wrote 2962 entry rows -> D:\Apps\Programming\OneStock\Database Service Helper\files\salesforce\pricebookEntries.csv
2025-09-09 16:21:29 | INFO | [distributer.py] Wrote 3 pricebooks -> D:\Apps\Programming\OneStock\Database Service Helper\files\salesforce\pricebooks.csv
2025-09-09 16:21:29 | INFO | [distributer.py] Wrote 2962 products -> D:\Apps\Programming\OneStock\Database Service Helper\files\salesforce\products.csv
2025-09-09 16:21:29 | INFO | Finished distributer.py: rc=0 in 0.2s
2025-09-09 16:21:29 | INFO | Cycle finished in 3.3s
2025-09-09 16:26:26 | INFO | Cycle starting.
2025-09-09 16:26:26 | INFO | Using Python : C:\Users\NicholasTjepkema\AppData\Local\Programs\Python\Python312\python.exe
2025-09-09 16:26:26 | INFO | Next interval: 300s (UTC now 2025-09-09 15:26:26)
2025-09-09 16:26:26 | INFO | --- [0] Running app.py ---
2025-09-09 16:26:26 | INFO | Starting script: app.py (cwd=D:\Apps\Programming\OneStock\Database Service Helper\files\scripts)
2025-09-09 16:26:29 | INFO | [app.py] - Using config file     : D:\Apps\Programming\OneStock\Database Service Helper\data.conf
2025-09-09 16:26:29 | INFO | [app.py] - [salesforce].username : support@onemedia.co.uk
2025-09-09 16:26:29 | INFO | [app.py] - [salesforce].domain   : login
2025-09-09 16:26:29 | INFO | [app.py] - [salesforce].password : ******************* (len=19)
2025-09-09 16:26:29 | INFO | [app.py] - [salesforce].token    : ************************ (len=24)
2025-09-09 16:26:29 | INFO | [app.py] - [salesforce].json path : pricebooks_export.json
2025-09-09 16:26:29 | INFO | [app.py] - [salesforce].csv path  : pricebooks_export.csv
2025-09-09 16:26:29 | INFO | [app.py] - Include Product2 fields: True
2025-09-09 16:26:29 | INFO | [app.py] 
2025-09-09 16:26:29 | INFO | [app.py] ==========================================================================================================================================================================
2025-09-09 16:26:29 | INFO | [app.py] LOGIN TO SALESFORCE
2025-09-09 16:26:29 | INFO | [app.py] ==========================================================================================================================================================================
2025-09-09 16:26:29 | INFO | [app.py] - Logging in as support@onemedia.co.uk (domain=login)
2025-09-09 16:26:29 | INFO | [app.py] - Logged in (user+pass+token)
2025-09-09 16:26:29 | INFO | [app.py] 
2025-09-09 16:26:29 | INFO | [app.py] ==========================================================================================================================================================================
2025-09-09 16:26:29 | INFO | [app.py] DISCOVER METADATA
2025-09-09 16:26:29 | INFO | [app.py] ==========================================================================================================================================================================
2025-09-09 16:26:29 | INFO | [app.py] - Discovering custom fields on PricebookEntry…
2025-09-09 16:26:29 | INFO | [app.py] - PBE custom fields: 8
2025-09-09 16:26:29 | INFO | [app.py] - Discovering custom fields on Product2…
2025-09-09 16:26:29 | INFO | [app.py] - Product2 custom fields: 30
2025-09-09 16:26:29 | INFO | [app.py] 
2025-09-09 16:26:29 | INFO | [app.py] ==========================================================================================================================================================================
2025-09-09 16:26:29 | INFO | [app.py] DETECT MULTI-CURRENCY
2025-09-09 16:26:29 | INFO | [app.py] ==========================================================================================================================================================================
2025-09-09 16:26:29 | INFO | [app.py] - Multi-currency available: False
2025-09-09 16:26:29 | INFO | [app.py] 
2025-09-09 16:26:29 | INFO | [app.py] ==========================================================================================================================================================================
2025-09-09 16:26:29 | INFO | [app.py] QUERY PRICEBOOKS
2025-09-09 16:26:29 | INFO | [app.py] ==========================================================================================================================================================================
2025-09-09 16:26:29 | INFO | [app.py] - Visible pricebooks fetched: 3
2025-09-09 16:26:29 | INFO | [app.py] 
2025-09-09 16:26:29 | INFO | [app.py] ==========================================================================================================================================================================
2025-09-09 16:26:29 | INFO | [app.py] QUERY PRICEBOOK ENTRIES (REST query_all_iter)
2025-09-09 16:26:29 | INFO | [app.py] ==========================================================================================================================================================================
2025-09-09 16:26:29 | INFO | [app.py] - Streaming records…
2025-09-09 16:26:29 | INFO | [app.py] - Saved CSV : D:\Apps\Programming\OneStock\Database Service Helper\files\pricebook\pricebooks_export.csv
2025-09-09 16:26:29 | INFO | [app.py] - Saved TSV : D:\Apps\Programming\OneStock\Database Service Helper\files\pricebook\pricebooks_export.tsv
2025-09-09 16:26:29 | INFO | [app.py] - CSV physical lines (including header): 2963
2025-09-09 16:26:29 | INFO | [app.py] 
2025-09-09 16:26:29 | INFO | [app.py] ==========================================================================================================================================================================
2025-09-09 16:26:29 | INFO | [app.py] WRITE JSON (GROUPED)
2025-09-09 16:26:29 | INFO | [app.py] ==========================================================================================================================================================================
2025-09-09 16:26:29 | INFO | [app.py] - Saved JSON: D:\Apps\Programming\OneStock\Database Service Helper\files\pricebook\pricebooks_export.json
2025-09-09 16:26:29 | INFO | [app.py] 
2025-09-09 16:26:29 | INFO | [app.py] ==========================================================================================================================================================================
2025-09-09 16:26:29 | INFO | [app.py] DONE
2025-09-09 16:26:29 | INFO | [app.py] ==========================================================================================================================================================================
2025-09-09 16:26:29 | INFO | [app.py] ✅ Price books exported (including empty): 3
2025-09-09 16:26:29 | INFO | [app.py] ✅ Total entries exported (rows written): 2962
2025-09-09 16:26:29 | INFO | Finished app.py: rc=0 in 3.1s
2025-09-09 16:26:29 | INFO | --- [1] Running distributer.py ---
2025-09-09 16:26:29 | INFO | Starting script: distributer.py (cwd=D:\Apps\Programming\OneStock\Database Service Helper\files\scripts)
2025-09-09 16:26:29 | INFO | [distributer.py] Wrote 2962 entry rows -> D:\Apps\Programming\OneStock\Database Service Helper\files\salesforce\pricebookEntries.csv
2025-09-09 16:26:29 | INFO | [distributer.py] Wrote 3 pricebooks -> D:\Apps\Programming\OneStock\Database Service Helper\files\salesforce\pricebooks.csv
2025-09-09 16:26:29 | INFO | [distributer.py] Wrote 2962 products -> D:\Apps\Programming\OneStock\Database Service Helper\files\salesforce\products.csv
2025-09-09 16:26:29 | INFO | Finished distributer.py: rc=0 in 0.2s
2025-09-09 16:26:29 | INFO | Cycle finished in 3.3s
